  FileIO.cpp
  main.cpp
C:\Users\esevi\source\repos\phase-2\MapDLL\MapLibrary\MapLibrary.h(84,17): warning C4251: 'Map::exportBuffer': class 'std::vector<std::string,std::allocator<std::string>>' needs to have dll-interface to be used by clients of class 'Map'
C:\Users\esevi\source\repos\phase-2\MapReduceWF\FileIO.h(29): message : see declaration of 'std::vector<std::string,std::allocator<std::string>>'
C:\Users\esevi\source\repos\phase-2\MapDLL\MapLibrary\MapLibrary.h(87,20): warning C4251: 'Map::tokenWords': class 'std::vector<tokenPair,std::allocator<tokenPair>>' needs to have dll-interface to be used by clients of class 'Map'
C:\Users\esevi\source\repos\phase-2\MapDLL\MapLibrary\MapLibrary.h(87): message : see declaration of 'std::vector<tokenPair,std::allocator<tokenPair>>'
C:\Users\esevi\source\repos\phase-2\MapDLL\MapLibrary\MapLibrary.h(90,9): warning C4251: 'Map::tempDirectory': class 'std::basic_string<char,std::char_traits<char>,std::allocator<char>>' needs to have dll-interface to be used by clients of class 'Map'
C:\Program Files\Microsoft Visual Studio\2022\Community\VC\Tools\MSVC\14.33.31629\include\xstring(5186): message : see declaration of 'std::basic_string<char,std::char_traits<char>,std::allocator<char>>'
C:\Users\esevi\source\repos\phase-2\ReduceDLL\ReduceLib\ReduceLib.h(71,46): warning C4251: 'Reduce::reduced_vector': class 'std::vector<std::pair<std::string,uint32_t>,std::allocator<std::pair<std::string,uint32_t>>>' needs to have dll-interface to be used by clients of class 'Reduce'
C:\Users\esevi\source\repos\phase-2\ReduceDLL\ReduceLib\ReduceLib.h(71): message : see declaration of 'std::vector<std::pair<std::string,uint32_t>,std::allocator<std::pair<std::string,uint32_t>>>'
C:\Users\esevi\source\repos\phase-2\ReduceDLL\ReduceLib\ReduceLib.h(72,17): warning C4251: 'Reduce::outputDirectory': class 'std::basic_string<char,std::char_traits<char>,std::allocator<char>>' needs to have dll-interface to be used by clients of class 'Reduce'
C:\Program Files\Microsoft Visual Studio\2022\Community\VC\Tools\MSVC\14.33.31629\include\xstring(5186): message : see declaration of 'std::basic_string<char,std::char_traits<char>,std::allocator<char>>'
C:\Users\esevi\source\repos\phase-2\ReduceDLL\ReduceLib\ReduceLib.h(74,12): warning C4251: 'Reduce::intermediateDirectory': class 'std::basic_string<char,std::char_traits<char>,std::allocator<char>>' needs to have dll-interface to be used by clients of class 'Reduce'
C:\Program Files\Microsoft Visual Studio\2022\Community\VC\Tools\MSVC\14.33.31629\include\xstring(5186): message : see declaration of 'std::basic_string<char,std::char_traits<char>,std::allocator<char>>'
C:\Users\esevi\source\repos\phase-2\ReduceDLL\ReduceLib\ReduceLib.h(75,12): warning C4251: 'Reduce::initialDirectory': class 'std::basic_string<char,std::char_traits<char>,std::allocator<char>>' needs to have dll-interface to be used by clients of class 'Reduce'
C:\Program Files\Microsoft Visual Studio\2022\Community\VC\Tools\MSVC\14.33.31629\include\xstring(5186): message : see declaration of 'std::basic_string<char,std::char_traits<char>,std::allocator<char>>'
C:\Users\esevi\source\repos\phase-2\ReduceDLL\ReduceLib\ReduceLib.h(77,23): warning C4251: 'Reduce::outputFileName': class 'std::basic_string<char,std::char_traits<char>,std::allocator<char>>' needs to have dll-interface to be used by clients of class 'Reduce'
C:\Program Files\Microsoft Visual Studio\2022\Community\VC\Tools\MSVC\14.33.31629\include\xstring(5186): message : see declaration of 'std::basic_string<char,std::char_traits<char>,std::allocator<char>>'
  MapReduceSorter.cpp
  MapReduceWF.cpp
C:\Users\esevi\source\repos\phase-2\MapDLL\MapLibrary\MapLibrary.h(84,17): warning C4251: 'Map::exportBuffer': class 'std::vector<std::string,std::allocator<std::string>>' needs to have dll-interface to be used by clients of class 'Map'
C:\Users\esevi\source\repos\phase-2\MapReduceWF\FileIO.h(29): message : see declaration of 'std::vector<std::string,std::allocator<std::string>>'
C:\Users\esevi\source\repos\phase-2\MapDLL\MapLibrary\MapLibrary.h(87,20): warning C4251: 'Map::tokenWords': class 'std::vector<tokenPair,std::allocator<tokenPair>>' needs to have dll-interface to be used by clients of class 'Map'
C:\Users\esevi\source\repos\phase-2\MapDLL\MapLibrary\MapLibrary.h(87): message : see declaration of 'std::vector<tokenPair,std::allocator<tokenPair>>'
C:\Users\esevi\source\repos\phase-2\MapDLL\MapLibrary\MapLibrary.h(90,9): warning C4251: 'Map::tempDirectory': class 'std::basic_string<char,std::char_traits<char>,std::allocator<char>>' needs to have dll-interface to be used by clients of class 'Map'
C:\Program Files\Microsoft Visual Studio\2022\Community\VC\Tools\MSVC\14.33.31629\include\xstring(5186): message : see declaration of 'std::basic_string<char,std::char_traits<char>,std::allocator<char>>'
C:\Users\esevi\source\repos\phase-2\ReduceDLL\ReduceLib\ReduceLib.h(71,46): warning C4251: 'Reduce::reduced_vector': class 'std::vector<std::pair<std::string,uint32_t>,std::allocator<std::pair<std::string,uint32_t>>>' needs to have dll-interface to be used by clients of class 'Reduce'
C:\Users\esevi\source\repos\phase-2\ReduceDLL\ReduceLib\ReduceLib.h(71): message : see declaration of 'std::vector<std::pair<std::string,uint32_t>,std::allocator<std::pair<std::string,uint32_t>>>'
C:\Users\esevi\source\repos\phase-2\ReduceDLL\ReduceLib\ReduceLib.h(72,17): warning C4251: 'Reduce::outputDirectory': class 'std::basic_string<char,std::char_traits<char>,std::allocator<char>>' needs to have dll-interface to be used by clients of class 'Reduce'
C:\Program Files\Microsoft Visual Studio\2022\Community\VC\Tools\MSVC\14.33.31629\include\xstring(5186): message : see declaration of 'std::basic_string<char,std::char_traits<char>,std::allocator<char>>'
C:\Users\esevi\source\repos\phase-2\ReduceDLL\ReduceLib\ReduceLib.h(74,12): warning C4251: 'Reduce::intermediateDirectory': class 'std::basic_string<char,std::char_traits<char>,std::allocator<char>>' needs to have dll-interface to be used by clients of class 'Reduce'
C:\Program Files\Microsoft Visual Studio\2022\Community\VC\Tools\MSVC\14.33.31629\include\xstring(5186): message : see declaration of 'std::basic_string<char,std::char_traits<char>,std::allocator<char>>'
C:\Users\esevi\source\repos\phase-2\ReduceDLL\ReduceLib\ReduceLib.h(75,12): warning C4251: 'Reduce::initialDirectory': class 'std::basic_string<char,std::char_traits<char>,std::allocator<char>>' needs to have dll-interface to be used by clients of class 'Reduce'
C:\Program Files\Microsoft Visual Studio\2022\Community\VC\Tools\MSVC\14.33.31629\include\xstring(5186): message : see declaration of 'std::basic_string<char,std::char_traits<char>,std::allocator<char>>'
C:\Users\esevi\source\repos\phase-2\ReduceDLL\ReduceLib\ReduceLib.h(77,23): warning C4251: 'Reduce::outputFileName': class 'std::basic_string<char,std::char_traits<char>,std::allocator<char>>' needs to have dll-interface to be used by clients of class 'Reduce'
C:\Program Files\Microsoft Visual Studio\2022\Community\VC\Tools\MSVC\14.33.31629\include\xstring(5186): message : see declaration of 'std::basic_string<char,std::char_traits<char>,std::allocator<char>>'
  Generating Code...
  MapReduceWF.vcxproj -> C:\Users\esevi\source\repos\phase-2\MapReduceWF\x64\Debug\MapReduceWF.exe
  0 File(s) copied
  ..\ReduceDLL\ReduceLib\x64\Debug\ReduceLib.dll
  1 File(s) copied
